<?xml version="1.0" encoding="UTF-8"?>
<!-- Generated by org.testng.reporters.JUnitXMLReporter -->
<testsuite hostname="WebTest-VM" ignored="0" name="Default test" tests="3" failures="0" timestamp="03 Jan 2019 11:13:55 GMT" time="276.272" errors="0">
  <testcase name="failTest" time="274.933" classname="CCOREAutomation.CCore_CallCenterTools_Pilot"/>
  <testcase name="passTest" time="0.016" classname="CCOREAutomation.CCore_CallCenterTools_Pilot"/>
  <testcase name="skipTest" time="0.006" classname="CCOREAutomation.CCore_CallCenterTools_Pilot"/>
</testsuite> <!-- Default test -->
