<?xml version="1.0" encoding="UTF-8"?>
<testng-results skipped="0" failed="0" ignored="0" total="3" passed="3">
  <reporter-output>
  </reporter-output>
  <suite name="Default suite" duration-ms="276272" started-at="2019-01-03T11:09:18Z" finished-at="2019-01-03T11:13:55Z">
    <groups>
    </groups>
    <test name="Default test" duration-ms="276272" started-at="2019-01-03T11:09:18Z" finished-at="2019-01-03T11:13:55Z">
      <class name="CCOREAutomation.CCore_CallCenterTools_Pilot">
        <test-method status="PASS" signature="startReport()[pri:0, instance:CCOREAutomation.CCore_CallCenterTools_Pilot@210366b4]" name="startReport" is-config="true" duration-ms="183" started-at="2019-01-03T11:09:18Z" finished-at="2019-01-03T11:09:18Z">
          <reporter-output>
          </reporter-output>
        </test-method> <!-- startReport -->
        <test-method status="PASS" signature="failTest()[pri:0, instance:CCOREAutomation.CCore_CallCenterTools_Pilot@210366b4]" name="failTest" duration-ms="274933" started-at="2019-01-03T11:09:18Z" finished-at="2019-01-03T11:13:53Z">
          <reporter-output>
          </reporter-output>
        </test-method> <!-- failTest -->
        <test-method status="PASS" signature="getResult(org.testng.ITestResult)[pri:0, instance:CCOREAutomation.CCore_CallCenterTools_Pilot@210366b4]" name="getResult" is-config="true" duration-ms="4" started-at="2019-01-03T11:13:53Z" finished-at="2019-01-03T11:13:53Z">
          <params>
            <param index="0">
              <value>
                <![CDATA[[TestResult name=failTest status=SUCCESS method=CCore_CallCenterTools_Pilot.failTest()[pri:0, instance:CCOREAutomation.CCore_CallCenterTools_Pilot@210366b4] output={null}]]]>
              </value>
            </param>
          </params>
          <reporter-output>
          </reporter-output>
        </test-method> <!-- getResult -->
        <test-method status="PASS" signature="passTest()[pri:0, instance:CCOREAutomation.CCore_CallCenterTools_Pilot@210366b4]" name="passTest" duration-ms="16" started-at="2019-01-03T11:13:53Z" finished-at="2019-01-03T11:13:53Z">
          <reporter-output>
          </reporter-output>
        </test-method> <!-- passTest -->
        <test-method status="PASS" signature="getResult(org.testng.ITestResult)[pri:0, instance:CCOREAutomation.CCore_CallCenterTools_Pilot@210366b4]" name="getResult" is-config="true" duration-ms="0" started-at="2019-01-03T11:13:53Z" finished-at="2019-01-03T11:13:53Z">
          <params>
            <param index="0">
              <value>
                <![CDATA[[TestResult name=passTest status=SUCCESS method=CCore_CallCenterTools_Pilot.passTest()[pri:0, instance:CCOREAutomation.CCore_CallCenterTools_Pilot@210366b4] output={null}]]]>
              </value>
            </param>
          </params>
          <reporter-output>
          </reporter-output>
        </test-method> <!-- getResult -->
        <test-method status="PASS" signature="skipTest()[pri:0, instance:CCOREAutomation.CCore_CallCenterTools_Pilot@210366b4]" name="skipTest" duration-ms="6" started-at="2019-01-03T11:13:53Z" finished-at="2019-01-03T11:13:53Z">
          <reporter-output>
          </reporter-output>
        </test-method> <!-- skipTest -->
        <test-method status="PASS" signature="getResult(org.testng.ITestResult)[pri:0, instance:CCOREAutomation.CCore_CallCenterTools_Pilot@210366b4]" name="getResult" is-config="true" duration-ms="0" started-at="2019-01-03T11:13:53Z" finished-at="2019-01-03T11:13:53Z">
          <params>
            <param index="0">
              <value>
                <![CDATA[[TestResult name=skipTest status=SUCCESS method=CCore_CallCenterTools_Pilot.skipTest()[pri:0, instance:CCOREAutomation.CCore_CallCenterTools_Pilot@210366b4] output={null}]]]>
              </value>
            </param>
          </params>
          <reporter-output>
          </reporter-output>
        </test-method> <!-- getResult -->
        <test-method status="PASS" signature="endReport()[pri:0, instance:CCOREAutomation.CCore_CallCenterTools_Pilot@210366b4]" name="endReport" is-config="true" duration-ms="1083" started-at="2019-01-03T11:13:53Z" finished-at="2019-01-03T11:13:55Z">
          <reporter-output>
          </reporter-output>
        </test-method> <!-- endReport -->
      </class> <!-- CCOREAutomation.CCore_CallCenterTools_Pilot -->
    </test> <!-- Default test -->
  </suite> <!-- Default suite -->
</testng-results>
